# JRE version: OpenJDK Runtime Environment Temurin-17.0.15+6 (17.0.15+6) (build 17.0.15+6)
# Java VM: OpenJDK 64-Bit Server VM Temurin-17.0.15+6 (17.0.15+6, mixed mode, sharing, tiered, compressed oops, compressed class ptrs, g1 gc, windows-amd64)
GC Precious Log:
 CPUs: 16 total, 16 available
 Memory: 16105M
 Large Page Support: Disabled
 NUMA Support: Disabled
 Compressed Oops: Enabled (32-bit)
 Heap Region Size: 1M
 Heap Min Capacity: 8M
 Heap Initial Capacity: 252M
 Heap Max Capacity: 2G
 Pre-touch: Disabled
 Parallel Workers: 13
 Concurrent Workers: 3
 Concurrent Refinement Workers: 13
 Periodic GC: Disabled
Heap:
 garbage-first heap   total 252928K, used 159031K [0x0000000080000000, 0x0000000100000000)
  region size 1024K, 14 young (14336K), 1 survivors (1024K)
 Metaspace       used 143459K, committed 144448K, reserved 1179648K
  class space    used 18545K, committed 19008K, reserved 1048576K
GC Heap History (20 events):
Event: 42.988 GC heap before
{Heap before GC invocations=73 (full 0):
 garbage-first heap   total 167936K, used 146639K [0x0000000080000000, 0x0000000100000000)
  region size 1024K, 11 young (11264K), 2 survivors (2048K)
 Metaspace       used 140877K, committed 141696K, reserved 1179648K
  class space    used 18255K, committed 18624K, reserved 1048576K
}
Event: 42.990 GC heap after
{Heap after GC invocations=74 (full 0):
 garbage-first heap   total 167936K, used 137923K [0x0000000080000000, 0x0000000100000000)
  region size 1024K, 2 young (2048K), 2 survivors (2048K)
 Metaspace       used 140877K, committed 141696K, reserved 1179648K
  class space    used 18255K, committed 18624K, reserved 1048576K
}
Event: 43.129 GC heap before
{Heap before GC invocations=74 (full 0):
 garbage-first heap   total 167936K, used 147139K [0x0000000080000000, 0x0000000100000000)
  region size 1024K, 11 young (11264K), 2 survivors (2048K)
 Metaspace       used 141480K, committed 142272K, reserved 1179648K
  class space    used 18348K, committed 18688K, reserved 1048576K
}
Event: 43.131 GC heap after
{Heap after GC invocations=75 (full 0):
 garbage-first heap   total 167936K, used 138307K [0x0000000080000000, 0x0000000100000000)
  region size 1024K, 2 young (2048K), 2 survivors (2048K)
 Metaspace       used 141480K, committed 142272K, reserved 1179648K
  class space    used 18348K, committed 18688K, reserved 1048576K
}
Event: 44.640 GC heap before
{Heap before GC invocations=75 (full 0):
 garbage-first heap   total 167936K, used 147523K [0x0000000080000000, 0x0000000100000000)
  region size 1024K, 11 young (11264K), 2 survivors (2048K)
 Metaspace       used 142291K, committed 143168K, reserved 1179648K
  class space    used 18472K, committed 18880K, reserved 1048576K
}
Event: 44.642 GC heap after
{Heap after GC invocations=76 (full 0):
 garbage-first heap   total 167936K, used 139309K [0x0000000080000000, 0x0000000100000000)
  region size 1024K, 2 young (2048K), 2 survivors (2048K)
 Metaspace       used 142291K, committed 143168K, reserved 1179648K
  class space    used 18472K, committed 18880K, reserved 1048576K
}
Event: 44.722 GC heap before
{Heap before GC invocations=76 (full 0):
 garbage-first heap   total 167936K, used 147501K [0x0000000080000000, 0x0000000100000000)
  region size 1024K, 10 young (10240K), 2 survivors (2048K)
 Metaspace       used 142291K, committed 143168K, reserved 1179648K
  class space    used 18472K, committed 18880K, reserved 1048576K
}
Event: 44.724 GC heap after
{Heap after GC invocations=77 (full 0):
 garbage-first heap   total 167936K, used 139769K [0x0000000080000000, 0x0000000100000000)
  region size 1024K, 2 young (2048K), 2 survivors (2048K)
 Metaspace       used 142291K, committed 143168K, reserved 1179648K
  class space    used 18472K, committed 18880K, reserved 1048576K
}
Event: 44.769 GC heap before
{Heap before GC invocations=77 (full 0):
 garbage-first heap   total 167936K, used 146937K [0x0000000080000000, 0x0000000100000000)
  region size 1024K, 9 young (9216K), 2 survivors (2048K)
 Metaspace       used 142291K, committed 143168K, reserved 1179648K
  class space    used 18472K, committed 18880K, reserved 1048576K
}
Event: 44.771 GC heap after
{Heap after GC invocations=78 (full 0):
 garbage-first heap   total 167936K, used 140288K [0x0000000080000000, 0x0000000100000000)
  region size 1024K, 1 young (1024K), 1 survivors (1024K)
 Metaspace       used 142291K, committed 143168K, reserved 1179648K
  class space    used 18472K, committed 18880K, reserved 1048576K
}
Event: 44.912 GC heap before
{Heap before GC invocations=78 (full 0):
 garbage-first heap   total 167936K, used 148480K [0x0000000080000000, 0x0000000100000000)
  region size 1024K, 9 young (9216K), 1 survivors (1024K)
 Metaspace       used 142341K, committed 143168K, reserved 1179648K
  class space    used 18473K, committed 18880K, reserved 1048576K
}
Event: 44.914 GC heap after
{Heap after GC invocations=79 (full 0):
 garbage-first heap   total 202752K, used 140212K [0x0000000080000000, 0x0000000100000000)
  region size 1024K, 1 young (1024K), 1 survivors (1024K)
 Metaspace       used 142341K, committed 143168K, reserved 1179648K
  class space    used 18473K, committed 18880K, reserved 1048576K
}
Event: 45.353 GC heap before
{Heap before GC invocations=79 (full 0):
 garbage-first heap   total 202752K, used 177076K [0x0000000080000000, 0x0000000100000000)
  region size 1024K, 37 young (37888K), 1 survivors (1024K)
 Metaspace       used 142721K, committed 143616K, reserved 1179648K
  class space    used 18494K, committed 18880K, reserved 1048576K
}
Event: 45.357 GC heap after
{Heap after GC invocations=80 (full 0):
 garbage-first heap   total 202752K, used 142184K [0x0000000080000000, 0x0000000100000000)
  region size 1024K, 3 young (3072K), 3 survivors (3072K)
 Metaspace       used 142721K, committed 143616K, reserved 1179648K
  class space    used 18494K, committed 18880K, reserved 1048576K
}
Event: 45.949 GC heap before
{Heap before GC invocations=80 (full 0):
 garbage-first heap   total 202752K, used 174952K [0x0000000080000000, 0x0000000100000000)
  region size 1024K, 36 young (36864K), 3 survivors (3072K)
 Metaspace       used 143083K, committed 144000K, reserved 1179648K
  class space    used 18528K, committed 18944K, reserved 1048576K
}
Event: 45.956 GC heap after
{Heap after GC invocations=81 (full 0):
 garbage-first heap   total 202752K, used 144806K [0x0000000080000000, 0x0000000100000000)
  region size 1024K, 5 young (5120K), 5 survivors (5120K)
 Metaspace       used 143083K, committed 144000K, reserved 1179648K
  class space    used 18528K, committed 18944K, reserved 1048576K
}
Event: 49.546 GC heap before
{Heap before GC invocations=81 (full 0):
 garbage-first heap   total 202752K, used 174502K [0x0000000080000000, 0x0000000100000000)
  region size 1024K, 35 young (35840K), 5 survivors (5120K)
 Metaspace       used 143335K, committed 144192K, reserved 1179648K
  class space    used 18545K, committed 18944K, reserved 1048576K
}
Event: 49.553 GC heap after
{Heap after GC invocations=82 (full 0):
 garbage-first heap   total 202752K, used 147602K [0x0000000080000000, 0x0000000100000000)
  region size 1024K, 4 young (4096K), 4 survivors (4096K)
 Metaspace       used 143335K, committed 144192K, reserved 1179648K
  class space    used 18545K, committed 18944K, reserved 1048576K
}
Event: 49.671 GC heap before
{Heap before GC invocations=82 (full 0):
 garbage-first heap   total 202752K, used 153746K [0x0000000080000000, 0x0000000100000000)
  region size 1024K, 11 young (11264K), 4 survivors (4096K)
 Metaspace       used 143399K, committed 144320K, reserved 1179648K
  class space    used 18550K, committed 19008K, reserved 1048576K
}
Event: 49.674 GC heap after
{Heap after GC invocations=83 (full 0):
 garbage-first heap   total 202752K, used 147767K [0x0000000080000000, 0x0000000100000000)
  region size 1024K, 1 young (1024K), 1 survivors (1024K)
 Metaspace       used 143399K, committed 144320K, reserved 1179648K
  class space    used 18550K, committed 19008K, reserved 1048576K
}

