# JRE version: OpenJDK Runtime Environment Temurin-21.0.7+6 (21.0.7+6) (build 21.0.7+6-LTS)
# Java VM: OpenJDK 64-Bit Server VM Temurin-21.0.7+6 (21.0.7+6-LTS, mixed mode, sharing, tiered, compressed oops, compressed class ptrs, parallel gc, windows-amd64)
GC Precious Log:
 CardTable entry size: 512
 CPUs: 16 total, 16 available
 Memory: 16105M
 Large Page Support: Disabled
 NUMA Support: Disabled
 Compressed Oops: Enabled (32-bit)
 Alignments: Space 512K, Generation 512K, Heap 2M
 Heap Min Capacity: 100M
 Heap Initial Capacity: 100M
 Heap Max Capacity: 1G
 Pre-touch: Disabled
 Parallel Workers: 13
Heap:
 PSYoungGen      total 2560K, used 2080K [0x00000000eab00000, 0x00000000eae80000, 0x0000000100000000)
  eden space 1536K, 100% used [0x00000000eab00000,0x00000000eac80000,0x00000000eac80000)
  from space 1024K, 53% used [0x00000000eac80000,0x00000000ead08000,0x00000000ead80000)
  to   space 1024K, 50% used [0x00000000ead80000,0x00000000eae005d0,0x00000000eae80000)
 ParOldGen       total 168960K, used 168527K [0x00000000c0000000, 0x00000000ca500000, 0x00000000eab00000)
  object space 168960K, 99% used [0x00000000c0000000,0x00000000ca493fe8,0x00000000ca500000)
 Metaspace       used 75114K, committed 76672K, reserved 1179648K
  class space    used 8993K, committed 9664K, reserved 1048576K
GC Heap History (20 events):
Event: 100.348 GC heap before
{Heap before GC invocations=234 (full 3):
 PSYoungGen      total 2048K, used 1952K [0x00000000eab00000, 0x00000000eae00000, 0x0000000100000000)
  eden space 1536K, 100% used [0x00000000eab00000,0x00000000eac80000,0x00000000eac80000)
  from space 512K, 81% used [0x00000000ead80000,0x00000000eade8000,0x00000000eae00000)
  to   space 512K, 0% used [0x00000000ead00000,0x00000000ead00000,0x00000000ead80000)
 ParOldGen       total 164352K, used 164049K [0x00000000c0000000, 0x00000000ca080000, 0x00000000eab00000)
  object space 164352K, 99% used [0x00000000c0000000,0x00000000ca034740,0x00000000ca080000)
 Metaspace       used 75110K, committed 76672K, reserved 1179648K
  class space    used 8993K, committed 9664K, reserved 1048576K
}
Event: 100.350 GC heap after
{Heap after GC invocations=234 (full 3):
 PSYoungGen      total 2048K, used 512K [0x00000000eab00000, 0x00000000eae80000, 0x0000000100000000)
  eden space 1536K, 0% used [0x00000000eab00000,0x00000000eab00000,0x00000000eac80000)
  from space 512K, 100% used [0x00000000ead00000,0x00000000ead80000,0x00000000ead80000)
  to   space 1024K, 0% used [0x00000000ead80000,0x00000000ead80000,0x00000000eae80000)
 ParOldGen       total 164352K, used 164323K [0x00000000c0000000, 0x00000000ca080000, 0x00000000eab00000)
  object space 164352K, 99% used [0x00000000c0000000,0x00000000ca078c38,0x00000000ca080000)
 Metaspace       used 75110K, committed 76672K, reserved 1179648K
  class space    used 8993K, committed 9664K, reserved 1048576K
}
Event: 100.361 GC heap before
{Heap before GC invocations=235 (full 3):
 PSYoungGen      total 2048K, used 2047K [0x00000000eab00000, 0x00000000eae80000, 0x0000000100000000)
  eden space 1536K, 99% used [0x00000000eab00000,0x00000000eac7fc30,0x00000000eac80000)
  from space 512K, 100% used [0x00000000ead00000,0x00000000ead80000,0x00000000ead80000)
  to   space 1024K, 0% used [0x00000000ead80000,0x00000000ead80000,0x00000000eae80000)
 ParOldGen       total 164352K, used 164323K [0x00000000c0000000, 0x00000000ca080000, 0x00000000eab00000)
  object space 164352K, 99% used [0x00000000c0000000,0x00000000ca078c38,0x00000000ca080000)
 Metaspace       used 75114K, committed 76672K, reserved 1179648K
  class space    used 8993K, committed 9664K, reserved 1048576K
}
Event: 100.363 GC heap after
{Heap after GC invocations=235 (full 3):
 PSYoungGen      total 2560K, used 544K [0x00000000eab00000, 0x00000000eae80000, 0x0000000100000000)
  eden space 1536K, 0% used [0x00000000eab00000,0x00000000eab00000,0x00000000eac80000)
  from space 1024K, 53% used [0x00000000ead80000,0x00000000eae08000,0x00000000eae80000)
  to   space 1024K, 0% used [0x00000000eac80000,0x00000000eac80000,0x00000000ead80000)
 ParOldGen       total 164864K, used 164713K [0x00000000c0000000, 0x00000000ca100000, 0x00000000eab00000)
  object space 164864K, 99% used [0x00000000c0000000,0x00000000ca0da698,0x00000000ca100000)
 Metaspace       used 75114K, committed 76672K, reserved 1179648K
  class space    used 8993K, committed 9664K, reserved 1048576K
}
Event: 100.374 GC heap before
{Heap before GC invocations=236 (full 3):
 PSYoungGen      total 2560K, used 2080K [0x00000000eab00000, 0x00000000eae80000, 0x0000000100000000)
  eden space 1536K, 100% used [0x00000000eab00000,0x00000000eac80000,0x00000000eac80000)
  from space 1024K, 53% used [0x00000000ead80000,0x00000000eae08000,0x00000000eae80000)
  to   space 1024K, 0% used [0x00000000eac80000,0x00000000eac80000,0x00000000ead80000)
 ParOldGen       total 164864K, used 164713K [0x00000000c0000000, 0x00000000ca100000, 0x00000000eab00000)
  object space 164864K, 99% used [0x00000000c0000000,0x00000000ca0da698,0x00000000ca100000)
 Metaspace       used 75114K, committed 76672K, reserved 1179648K
  class space    used 8993K, committed 9664K, reserved 1048576K
}
Event: 100.377 GC heap after
{Heap after GC invocations=236 (full 3):
 PSYoungGen      total 2560K, used 613K [0x00000000eab00000, 0x00000000eae80000, 0x0000000100000000)
  eden space 1536K, 0% used [0x00000000eab00000,0x00000000eab00000,0x00000000eac80000)
  from space 1024K, 59% used [0x00000000eac80000,0x00000000ead194c8,0x00000000ead80000)
  to   space 1024K, 0% used [0x00000000ead80000,0x00000000ead80000,0x00000000eae80000)
 ParOldGen       total 165376K, used 165129K [0x00000000c0000000, 0x00000000ca180000, 0x00000000eab00000)
  object space 165376K, 99% used [0x00000000c0000000,0x00000000ca1427c8,0x00000000ca180000)
 Metaspace       used 75114K, committed 76672K, reserved 1179648K
  class space    used 8993K, committed 9664K, reserved 1048576K
}
Event: 100.386 GC heap before
{Heap before GC invocations=237 (full 3):
 PSYoungGen      total 2560K, used 2149K [0x00000000eab00000, 0x00000000eae80000, 0x0000000100000000)
  eden space 1536K, 100% used [0x00000000eab00000,0x00000000eac80000,0x00000000eac80000)
  from space 1024K, 59% used [0x00000000eac80000,0x00000000ead194c8,0x00000000ead80000)
  to   space 1024K, 0% used [0x00000000ead80000,0x00000000ead80000,0x00000000eae80000)
 ParOldGen       total 165376K, used 165129K [0x00000000c0000000, 0x00000000ca180000, 0x00000000eab00000)
  object space 165376K, 99% used [0x00000000c0000000,0x00000000ca1427c8,0x00000000ca180000)
 Metaspace       used 75114K, committed 76672K, reserved 1179648K
  class space    used 8993K, committed 9664K, reserved 1048576K
}
Event: 100.389 GC heap after
{Heap after GC invocations=237 (full 3):
 PSYoungGen      total 2560K, used 512K [0x00000000eab00000, 0x00000000eae80000, 0x0000000100000000)
  eden space 1536K, 0% used [0x00000000eab00000,0x00000000eab00000,0x00000000eac80000)
  from space 1024K, 50% used [0x00000000ead80000,0x00000000eae00000,0x00000000eae80000)
  to   space 1024K, 0% used [0x00000000eac80000,0x00000000eac80000,0x00000000ead80000)
 ParOldGen       total 165888K, used 165557K [0x00000000c0000000, 0x00000000ca200000, 0x00000000eab00000)
  object space 165888K, 99% used [0x00000000c0000000,0x00000000ca1ad490,0x00000000ca200000)
 Metaspace       used 75114K, committed 76672K, reserved 1179648K
  class space    used 8993K, committed 9664K, reserved 1048576K
}
Event: 100.396 GC heap before
{Heap before GC invocations=238 (full 3):
 PSYoungGen      total 2560K, used 2048K [0x00000000eab00000, 0x00000000eae80000, 0x0000000100000000)
  eden space 1536K, 100% used [0x00000000eab00000,0x00000000eac80000,0x00000000eac80000)
  from space 1024K, 50% used [0x00000000ead80000,0x00000000eae00000,0x00000000eae80000)
  to   space 1024K, 0% used [0x00000000eac80000,0x00000000eac80000,0x00000000ead80000)
 ParOldGen       total 165888K, used 165557K [0x00000000c0000000, 0x00000000ca200000, 0x00000000eab00000)
  object space 165888K, 99% used [0x00000000c0000000,0x00000000ca1ad490,0x00000000ca200000)
 Metaspace       used 75114K, committed 76672K, reserved 1179648K
  class space    used 8993K, committed 9664K, reserved 1048576K
}
Event: 100.398 GC heap after
{Heap after GC invocations=238 (full 3):
 PSYoungGen      total 2560K, used 480K [0x00000000eab00000, 0x00000000eae00000, 0x0000000100000000)
  eden space 1536K, 0% used [0x00000000eab00000,0x00000000eab00000,0x00000000eac80000)
  from space 1024K, 46% used [0x00000000eac80000,0x00000000eacf8000,0x00000000ead80000)
  to   space 512K, 0% used [0x00000000ead80000,0x00000000ead80000,0x00000000eae00000)
 ParOldGen       total 165888K, used 165838K [0x00000000c0000000, 0x00000000ca200000, 0x00000000eab00000)
  object space 165888K, 99% used [0x00000000c0000000,0x00000000ca1f3bb8,0x00000000ca200000)
 Metaspace       used 75114K, committed 76672K, reserved 1179648K
  class space    used 8993K, committed 9664K, reserved 1048576K
}
Event: 100.432 GC heap before
{Heap before GC invocations=239 (full 3):
 PSYoungGen      total 2560K, used 2016K [0x00000000eab00000, 0x00000000eae00000, 0x0000000100000000)
  eden space 1536K, 100% used [0x00000000eab00000,0x00000000eac80000,0x00000000eac80000)
  from space 1024K, 46% used [0x00000000eac80000,0x00000000eacf8000,0x00000000ead80000)
  to   space 512K, 0% used [0x00000000ead80000,0x00000000ead80000,0x00000000eae00000)
 ParOldGen       total 165888K, used 165838K [0x00000000c0000000, 0x00000000ca200000, 0x00000000eab00000)
  object space 165888K, 99% used [0x00000000c0000000,0x00000000ca1f3bb8,0x00000000ca200000)
 Metaspace       used 75114K, committed 76672K, reserved 1179648K
  class space    used 8993K, committed 9664K, reserved 1048576K
}
Event: 100.434 GC heap after
{Heap after GC invocations=239 (full 3):
 PSYoungGen      total 2048K, used 384K [0x00000000eab00000, 0x00000000eae00000, 0x0000000100000000)
  eden space 1536K, 0% used [0x00000000eab00000,0x00000000eab00000,0x00000000eac80000)
  from space 512K, 75% used [0x00000000ead80000,0x00000000eade0000,0x00000000eae00000)
  to   space 512K, 0% used [0x00000000ead00000,0x00000000ead00000,0x00000000ead80000)
 ParOldGen       total 166400K, used 166130K [0x00000000c0000000, 0x00000000ca280000, 0x00000000eab00000)
  object space 166400K, 99% used [0x00000000c0000000,0x00000000ca23cae0,0x00000000ca280000)
 Metaspace       used 75114K, committed 76672K, reserved 1179648K
  class space    used 8993K, committed 9664K, reserved 1048576K
}
Event: 100.444 GC heap before
{Heap before GC invocations=240 (full 3):
 PSYoungGen      total 2048K, used 1920K [0x00000000eab00000, 0x00000000eae00000, 0x0000000100000000)
  eden space 1536K, 100% used [0x00000000eab00000,0x00000000eac80000,0x00000000eac80000)
  from space 512K, 75% used [0x00000000ead80000,0x00000000eade0000,0x00000000eae00000)
  to   space 512K, 0% used [0x00000000ead00000,0x00000000ead00000,0x00000000ead80000)
 ParOldGen       total 166400K, used 166130K [0x00000000c0000000, 0x00000000ca280000, 0x00000000eab00000)
  object space 166400K, 99% used [0x00000000c0000000,0x00000000ca23cae0,0x00000000ca280000)
 Metaspace       used 75114K, committed 76672K, reserved 1179648K
  class space    used 8993K, committed 9664K, reserved 1048576K
}
Event: 100.445 GC heap after
{Heap after GC invocations=240 (full 3):
 PSYoungGen      total 2048K, used 419K [0x00000000eab00000, 0x00000000eae00000, 0x0000000100000000)
  eden space 1536K, 0% used [0x00000000eab00000,0x00000000eab00000,0x00000000eac80000)
  from space 512K, 81% used [0x00000000ead00000,0x00000000ead68d98,0x00000000ead80000)
  to   space 512K, 0% used [0x00000000ead80000,0x00000000ead80000,0x00000000eae00000)
 ParOldGen       total 166400K, used 166309K [0x00000000c0000000, 0x00000000ca280000, 0x00000000eab00000)
  object space 166400K, 99% used [0x00000000c0000000,0x00000000ca269688,0x00000000ca280000)
 Metaspace       used 75114K, committed 76672K, reserved 1179648K
  class space    used 8993K, committed 9664K, reserved 1048576K
}
Event: 100.453 GC heap before
{Heap before GC invocations=241 (full 3):
 PSYoungGen      total 2048K, used 1955K [0x00000000eab00000, 0x00000000eae00000, 0x0000000100000000)
  eden space 1536K, 100% used [0x00000000eab00000,0x00000000eac80000,0x00000000eac80000)
  from space 512K, 81% used [0x00000000ead00000,0x00000000ead68d98,0x00000000ead80000)
  to   space 512K, 0% used [0x00000000ead80000,0x00000000ead80000,0x00000000eae00000)
 ParOldGen       total 166400K, used 166309K [0x00000000c0000000, 0x00000000ca280000, 0x00000000eab00000)
  object space 166400K, 99% used [0x00000000c0000000,0x00000000ca269688,0x00000000ca280000)
 Metaspace       used 75114K, committed 76672K, reserved 1179648K
  class space    used 8993K, committed 9664K, reserved 1048576K
}
Event: 100.455 GC heap after
{Heap after GC invocations=241 (full 3):
 PSYoungGen      total 2048K, used 501K [0x00000000eab00000, 0x00000000eae80000, 0x0000000100000000)
  eden space 1536K, 0% used [0x00000000eab00000,0x00000000eab00000,0x00000000eac80000)
  from space 512K, 97% used [0x00000000ead80000,0x00000000eadfd400,0x00000000eae00000)
  to   space 1024K, 0% used [0x00000000eac80000,0x00000000eac80000,0x00000000ead80000)
 ParOldGen       total 166912K, used 166594K [0x00000000c0000000, 0x00000000ca300000, 0x00000000eab00000)
  object space 166912K, 99% used [0x00000000c0000000,0x00000000ca2b0978,0x00000000ca300000)
 Metaspace       used 75114K, committed 76672K, reserved 1179648K
  class space    used 8993K, committed 9664K, reserved 1048576K
}
Event: 100.465 GC heap before
{Heap before GC invocations=242 (full 3):
 PSYoungGen      total 2048K, used 2037K [0x00000000eab00000, 0x00000000eae80000, 0x0000000100000000)
  eden space 1536K, 100% used [0x00000000eab00000,0x00000000eac80000,0x00000000eac80000)
  from space 512K, 97% used [0x00000000ead80000,0x00000000eadfd400,0x00000000eae00000)
  to   space 1024K, 0% used [0x00000000eac80000,0x00000000eac80000,0x00000000ead80000)
 ParOldGen       total 166912K, used 166594K [0x00000000c0000000, 0x00000000ca300000, 0x00000000eab00000)
  object space 166912K, 99% used [0x00000000c0000000,0x00000000ca2b0978,0x00000000ca300000)
 Metaspace       used 75114K, committed 76672K, reserved 1179648K
  class space    used 8993K, committed 9664K, reserved 1048576K
}
Event: 100.467 GC heap after
{Heap after GC invocations=242 (full 3):
 PSYoungGen      total 2560K, used 439K [0x00000000eab00000, 0x00000000eae00000, 0x0000000100000000)
  eden space 1536K, 0% used [0x00000000eab00000,0x00000000eab00000,0x00000000eac80000)
  from space 1024K, 42% used [0x00000000eac80000,0x00000000eacedf30,0x00000000ead80000)
  to   space 512K, 0% used [0x00000000ead80000,0x00000000ead80000,0x00000000eae00000)
 ParOldGen       total 166912K, used 166829K [0x00000000c0000000, 0x00000000ca300000, 0x00000000eab00000)
  object space 166912K, 99% used [0x00000000c0000000,0x00000000ca2eb730,0x00000000ca300000)
 Metaspace       used 75114K, committed 76672K, reserved 1179648K
  class space    used 8993K, committed 9664K, reserved 1048576K
}
Event: 100.476 GC heap before
{Heap before GC invocations=243 (full 3):
 PSYoungGen      total 2560K, used 1975K [0x00000000eab00000, 0x00000000eae00000, 0x0000000100000000)
  eden space 1536K, 100% used [0x00000000eab00000,0x00000000eac80000,0x00000000eac80000)
  from space 1024K, 42% used [0x00000000eac80000,0x00000000eacedf30,0x00000000ead80000)
  to   space 512K, 0% used [0x00000000ead80000,0x00000000ead80000,0x00000000eae00000)
 ParOldGen       total 166912K, used 166829K [0x00000000c0000000, 0x00000000ca300000, 0x00000000eab00000)
  object space 166912K, 99% used [0x00000000c0000000,0x00000000ca2eb730,0x00000000ca300000)
 Metaspace       used 75114K, committed 76672K, reserved 1179648K
  class space    used 8993K, committed 9664K, reserved 1048576K
}
Event: 100.478 GC heap after
{Heap after GC invocations=243 (full 3):
 PSYoungGen      total 2048K, used 496K [0x00000000eab00000, 0x00000000eae00000, 0x0000000100000000)
  eden space 1536K, 0% used [0x00000000eab00000,0x00000000eab00000,0x00000000eac80000)
  from space 512K, 97% used [0x00000000ead80000,0x00000000eadfc3f8,0x00000000eae00000)
  to   space 512K, 0% used [0x00000000ead00000,0x00000000ead00000,0x00000000ead80000)
 ParOldGen       total 167424K, used 167080K [0x00000000c0000000, 0x00000000ca380000, 0x00000000eab00000)
  object space 167424K, 99% used [0x00000000c0000000,0x00000000ca32a0b0,0x00000000ca380000)
 Metaspace       used 75114K, committed 76672K, reserved 1179648K
  class space    used 8993K, committed 9664K, reserved 1048576K
}

